<?xml version="1.0" encoding="UTF-8" ?>
<testsuite tests="11" failures="0" name="com.tsystems.javaschool.tasks.pyramid.PyramidBuilderTest" time="0.031" errors="0" skipped="0">
  <properties>
[...]
</properties>
  <testcase classname="com.tsystems.javaschool.tasks.pyramid.PyramidBuilderTest" name="buildPyramid" time="0.007"/>
  <testcase classname="com.tsystems.javaschool.tasks.pyramid.PyramidBuilderTest" name="buildPyramid0" time="0"/>
  <testcase classname="com.tsystems.javaschool.tasks.pyramid.PyramidBuilderTest" name="buildPyramid1" time="0.017"/>
  <testcase classname="com.tsystems.javaschool.tasks.pyramid.PyramidBuilderTest" name="buildPyramid2" time="0.001"/>
  <testcase classname="com.tsystems.javaschool.tasks.pyramid.PyramidBuilderTest" name="buildPyramid3" time="0"/>
  <testcase classname="com.tsystems.javaschool.tasks.pyramid.PyramidBuilderTest" name="buildPyramid4" time="0.001"/>
  <testcase classname="com.tsystems.javaschool.tasks.pyramid.PyramidBuilderTest" name="buildPyramid5" time="0"/>
  <testcase classname="com.tsystems.javaschool.tasks.pyramid.PyramidBuilderTest" name="buildPyramid6" time="0.001"/>
  <testcase classname="com.tsystems.javaschool.tasks.pyramid.PyramidBuilderTest" name="buildPyramid7" time="0.004"/>
  <testcase classname="com.tsystems.javaschool.tasks.pyramid.PyramidBuilderTest" name="buildPyramid8" time="0"/>
  <testcase classname="com.tsystems.javaschool.tasks.pyramid.PyramidBuilderTest" name="buildPyramid9" time="0"/>
</testsuite>